<?xml version="1.0" encoding="UTF-8"?>
<!-- Generated by org.testng.reporters.JUnitReportReporter -->
<testsuite hostname="ATMECSINDT-030" failures="0" tests="1" name="com.falcon.testscripts.viewpage.ToggleDashboard" time="5.392" errors="0" timestamp="06 Aug 2019 09:56:14 GMT" skipped="0">
  <testcase classname="com.falcon.testscripts.viewpage.ToggleDashboard" name="validateToggleDashBoard" time="5.392"/>
</testsuite> <!-- com.falcon.testscripts.viewpage.ToggleDashboard -->
